<?xml version="1.0" encoding="UTF-8"?>
<!-- Generated by org.testng.reporters.JUnitXMLReporter -->
<testsuite hostname="LAPTOP-3FARVQ4Q" ignored="0" name="Smoke Test" tests="4" failures="0" timestamp="24 Mar 2019 18:22:16 GMT" time="28.412" errors="0">
  <testcase name="successfulLogin" time="3.107" classname="LoginTests.IncorrectPassword"/>
  <testcase name="successfulLogin" time="0.625" classname="LoginTests.IncorrectUsername"/>
  <testcase name="successfulLogin" time="2.745" classname="LoginTests.CorrectCredentials"/>
  <testcase name="successfulLogin" time="0.22" classname="LoginTests.BlankCredentials"/>
</testsuite> <!-- Smoke Test -->
