<?xml version="1.0" encoding="UTF-8"?>
<!-- Generated by org.testng.reporters.JUnitXMLReporter -->
<testsuite hostname="LAPTOP-3FARVQ4Q" ignored="0" name="Smoke Test" tests="4" failures="0" timestamp="24 Mar 2019 16:45:08 GMT" time="30.086" errors="0">
  <testcase name="successfulLogin" time="3.358" classname="LoginTests.IncorrectPassword"/>
  <testcase name="successfulLogin" time="0.66" classname="LoginTests.IncorrectUsername"/>
  <testcase name="successfulLogin" time="3.955" classname="LoginTests.CorrectCredentials"/>
  <testcase name="successfulLogin" time="0.237" classname="LoginTests.BlankCredentials"/>
</testsuite> <!-- Smoke Test -->
