<?xml version="1.0" encoding="UTF-8"?>
<!-- Generated by org.testng.reporters.JUnitXMLReporter -->
<testsuite hostname="LAPTOP-3FARVQ4Q" ignored="0" name="Test" tests="3" failures="0" timestamp="24 Mar 2019 08:15:50 GMT" time="16.826" errors="0">
  <testcase name="loginElementPresent" time="0.099" classname="smokeTest.Smoke"/>
  <testcase name="smoke" time="0.001" classname="smokeTest.Smoke"/>
  <testcase name="loginElementPresent" time="0.092" classname="smokeTest.LoginPresentTestNG"/>
</testsuite> <!-- Test -->
